#
# There is insufficient memory for the Java Runtime Environment to continue.
# Native memory allocation (mmap) failed to map 1048576 bytes for G1 virtual space
# Possible reasons:
#   The system is out of physical RAM or swap space
#   The process is running with CompressedOops enabled, and the Java Heap may be blocking the growth of the native heap
# Possible solutions:
#   Reduce memory load on the system
#   Increase physical memory or swap space
#   Check if swap backing store is full
#   Decrease Java heap size (-Xmx/-Xms)
#   Decrease number of Java threads
#   Decrease Java thread stack sizes (-Xss)
#   Set larger code cache with -XX:ReservedCodeCacheSize=
#   JVM is running with Unscaled Compressed Oops mode in which the Java heap is
#     placed in the first 4GB address space. The Java Heap base address is the
#     maximum limit for the native heap growth. Please use -XX:HeapBaseMinAddress
#     to set the Java Heap base and to place the Java Heap above 4GB virtual address.
# This output file may be truncated or incomplete.
#
#  Out of Memory Error (./open/src/hotspot/os/windows/os_windows.cpp:3321), pid=596, tid=13576
#
# JRE version:  (15.0.2+7) (build )
# Java VM: OpenJDK 64-Bit Server VM (15.0.2+7-27, mixed mode, sharing, tiered, compressed oops, g1 gc, windows-amd64)
# No core dump will be written. Minidumps are not enabled by default on client versions of Windows
#

---------------  S U M M A R Y ------------

Command Line: -Dfile.encoding=Cp1252 -XX:+ShowCodeDetailsInExceptionMessages Find_Container_Size2

Host: Intel(R) Core(TM) i3-2328M CPU @ 2.20GHz, 4 cores, 3G,  Windows 10 , 64 bit Build 19041 (10.0.19041.1023)
Time: Sat Jul 31 15:05:33 2021 India Standard Time elapsed time: 0.022275 seconds (0d 0h 0m 0s)

---------------  T H R E A D  ---------------

Current thread (0x0000025cd2fbe710):  JavaThread "Unknown thread" [_thread_in_vm, id=13576, stack(0x0000006160600000,0x0000006160700000)]

Stack: [0x0000006160600000,0x0000006160700000]
Native frames: (J=compiled Java code, j=interpreted, Vv=VM code, C=native code)
V  [jvm.dll+0x62ae9a]
V  [jvm.dll+0x7817a9]
V  [jvm.dll+0x782f03]
V  [jvm.dll+0x783563]
V  [jvm.dll+0x216325]
V  [jvm.dll+0x6281d9]
V  [jvm.dll+0x61cf55]
V  [jvm.dll+0x2cffdd]
V  [jvm.dll+0x2cfe42]
V  [jvm.dll+0x2d5e1c]
V  [jvm.dll+0x325933]
V  [jvm.dll+0x324fd4]
V  [jvm.dll+0x2a6f5a]
V  [jvm.dll+0x2a80f8]
V  [jvm.dll+0x75e241]
V  [jvm.dll+0x3341c4]
V  [jvm.dll+0x73e926]
V  [jvm.dll+0x3b7557]
V  [jvm.dll+0x3b8fe1]
C  [jli.dll+0x52fb]
C  [ucrtbase.dll+0x21bb2]
C  [KERNEL32.DLL+0x17034]
C  [ntdll.dll+0x52651]


---------------  P R O C E S S  ---------------

Threads class SMR info:
_java_thread_list=0x00007fff088b4ff0, length=0, elements={
}

Java Threads: ( => current thread )

Other Threads:
  0x0000025cd2fed9a0 GCTaskThread "GC Thread#0" [stack: 0x0000006160700000,0x0000006160800000] [id=6252]
  0x0000025cd2ff78c0 ConcurrentGCThread "G1 Main Marker" [stack: 0x0000006160800000,0x0000006160900000] [id=8692]
  0x0000025cd2ff8530 ConcurrentGCThread "G1 Conc#0" [stack: 0x0000006160900000,0x0000006160a00000] [id=13956]

[error occurred during error reporting (printing all threads), id 0xc0000005, EXCEPTION_ACCESS_VIOLATION (0xc0000005) at pc=0x00007fff080a7e27]

VM state: not at safepoint (not fully initialized)

VM Mutex/Monitor currently owned by a thread:  ([mutex/lock_event])
[0x0000025cd2fb9130] Heap_lock - owner thread: 0x0000025cd2fbe710

Heap address: 0x00000000c1e00000, size: 994 MB, Compressed Oops mode: 32-bit
CDS archive(s) mapped at: [0x0000000000000000-0x0000000000000000-0x0000000000000000), size 0, SharedBaseAddress: 0x0000000800000000, ArchiveRelocationMode: 0.
Narrow klass base: 0x0000000000000000, Narrow klass shift: 0, Narrow klass range: 0x0

Heap:
 garbage-first heap   total 65536K, used 0K [0x00000000c1e00000, 0x0000000100000000)
  region size 1024K, 0 young (0K), 0 survivors (0K)
 Metaspace       used 0K, capacity 0K, committed 0K, reserved 0K
  class space    used 0K, capacity 0K, committed 0K, reserved 0K

Heap Regions: E=young(eden), S=young(survivor), O=old, HS=humongous(starts), HC=humongous(continues), CS=collection set, F=free, OA=open archive, CA=closed archive, TAMS=top-at-mark-start (previous, next)

Card table byte_map: [0x0000025ce79e0000,0x0000025ce7be0000] _byte_map_base: 0x0000025ce73d1000

Marking Bits (Prev, Next): (CMBitMap*) 0x0000025cd2fef220, (CMBitMap*) 0x0000025cd2fef260
 Prev Bits: [0x0000025ce7de0000, 0x0000025ce8d68000)
 Next Bits: [0x0000025ce8d70000, 0x0000025ce9cf8000)

GC Heap History (0 events):
No events

Deoptimization events (0 events):
No events

Classes unloaded (0 events):
No events

Classes redefined (0 events):
No events

Internal exceptions (0 events):
No events

Events (1 events):
Event: 0.013 Loaded shared library C:\Users\SHUBHAM\.p2\pool\plugins\org.eclipse.justj.openjdk.hotspot.jre.full.win32.x86_64_15.0.2.v20210201-0955\jre\bin\java.dll


Dynamic libraries:
0x00007ff712e20000 - 0x00007ff712e2d000 	C:\Users\SHUBHAM\.p2\pool\plugins\org.eclipse.justj.openjdk.hotspot.jre.full.win32.x86_64_15.0.2.v20210201-0955\jre\bin\javaw.exe
0x00007fff4f490000 - 0x00007fff4f685000 	C:\Windows\SYSTEM32\ntdll.dll
0x00007fff4e1a0000 - 0x00007fff4e25d000 	C:\Windows\System32\KERNEL32.DLL
0x00007fff4d040000 - 0x00007fff4d309000 	C:\Windows\System32\KERNELBASE.dll
0x00007fff4ccf0000 - 0x00007fff4cdf0000 	C:\Windows\System32\ucrtbase.dll
0x00007fff32fd0000 - 0x00007fff32fe8000 	C:\Users\SHUBHAM\.p2\pool\plugins\org.eclipse.justj.openjdk.hotspot.jre.full.win32.x86_64_15.0.2.v20210201-0955\jre\bin\jli.dll
0x00007fff4db40000 - 0x00007fff4dce0000 	C:\Windows\System32\USER32.dll
0x00007fff4cc20000 - 0x00007fff4cc42000 	C:\Windows\System32\win32u.dll
0x00007fff4d780000 - 0x00007fff4d7aa000 	C:\Windows\System32\GDI32.dll
0x00007fff4ce80000 - 0x00007fff4cf8b000 	C:\Windows\System32\gdi32full.dll
0x00007fff4cc50000 - 0x00007fff4cced000 	C:\Windows\System32\msvcp_win.dll
0x00007fff2b480000 - 0x00007fff2b499000 	C:\Users\SHUBHAM\.p2\pool\plugins\org.eclipse.justj.openjdk.hotspot.jre.full.win32.x86_64_15.0.2.v20210201-0955\jre\bin\VCRUNTIME140.dll
0x00007fff39ad0000 - 0x00007fff39d6a000 	C:\Windows\WinSxS\amd64_microsoft.windows.common-controls_6595b64144ccf1df_6.0.19041.1083_none_60bbe31371f34e71\COMCTL32.dll
0x00007fff4d500000 - 0x00007fff4d59e000 	C:\Windows\System32\msvcrt.dll
0x00007fff4e050000 - 0x00007fff4e080000 	C:\Windows\System32\IMM32.DLL
0x00007fff42c50000 - 0x00007fff42c5c000 	C:\Users\SHUBHAM\.p2\pool\plugins\org.eclipse.justj.openjdk.hotspot.jre.full.win32.x86_64_15.0.2.v20210201-0955\jre\bin\vcruntime140_1.dll
0x00007fff221e0000 - 0x00007fff22271000 	C:\Users\SHUBHAM\.p2\pool\plugins\org.eclipse.justj.openjdk.hotspot.jre.full.win32.x86_64_15.0.2.v20210201-0955\jre\bin\msvcp140.dll
0x00007fff07df0000 - 0x00007fff0894e000 	C:\Users\SHUBHAM\.p2\pool\plugins\org.eclipse.justj.openjdk.hotspot.jre.full.win32.x86_64_15.0.2.v20210201-0955\jre\bin\server\jvm.dll
0x00007fff4d7b0000 - 0x00007fff4d85c000 	C:\Windows\System32\ADVAPI32.dll
0x00007fff4e260000 - 0x00007fff4e2fb000 	C:\Windows\System32\sechost.dll
0x00007fff4d5a0000 - 0x00007fff4d6ca000 	C:\Windows\System32\RPCRT4.dll
0x00007fff4d8c0000 - 0x00007fff4d8c8000 	C:\Windows\System32\PSAPI.DLL
0x00007fff3e460000 - 0x00007fff3e469000 	C:\Windows\SYSTEM32\WSOCK32.dll
0x00007fff4da20000 - 0x00007fff4da8b000 	C:\Windows\System32\WS2_32.dll
0x00007fff3e090000 - 0x00007fff3e0b7000 	C:\Windows\SYSTEM32\WINMM.dll
0x00007fff3ec40000 - 0x00007fff3ec4a000 	C:\Windows\SYSTEM32\VERSION.dll
0x00007fff4ab00000 - 0x00007fff4ab12000 	C:\Windows\SYSTEM32\kernel.appcore.dll
0x00007fff3d2a0000 - 0x00007fff3d2aa000 	C:\Users\SHUBHAM\.p2\pool\plugins\org.eclipse.justj.openjdk.hotspot.jre.full.win32.x86_64_15.0.2.v20210201-0955\jre\bin\jimage.dll
0x00007fff3cae0000 - 0x00007fff3ccc4000 	C:\Windows\SYSTEM32\DBGHELP.DLL
0x00007fff3c590000 - 0x00007fff3c5bc000 	C:\Windows\SYSTEM32\dbgcore.DLL
0x00007fff4d310000 - 0x00007fff4d393000 	C:\Windows\System32\bcryptPrimitives.dll
0x00007fff2ab50000 - 0x00007fff2ab75000 	C:\Users\SHUBHAM\.p2\pool\plugins\org.eclipse.justj.openjdk.hotspot.jre.full.win32.x86_64_15.0.2.v20210201-0955\jre\bin\java.dll

dbghelp: loaded successfully - version: 4.0.5 - missing functions: none
symbol engine: initialized successfully - sym options: 0x614 - pdb path: .;C:\Users\SHUBHAM\.p2\pool\plugins\org.eclipse.justj.openjdk.hotspot.jre.full.win32.x86_64_15.0.2.v20210201-0955\jre\bin;C:\Windows\SYSTEM32;C:\Windows\WinSxS\amd64_microsoft.windows.common-controls_6595b64144ccf1df_6.0.19041.1083_none_60bbe31371f34e71;C:\Users\SHUBHAM\.p2\pool\plugins\org.eclipse.justj.openjdk.hotspot.jre.full.win32.x86_64_15.0.2.v20210201-0955\jre\bin\server

VM Arguments:
jvm_args: -Dfile.encoding=Cp1252 -XX:+ShowCodeDetailsInExceptionMessages 
java_command: Find_Container_Size2
java_class_path (initial): C:\Users\SHUBHAM\eclipse-workspace\Contest_6\bin
Launcher Type: SUN_STANDARD

[Global flags]
     intx CICompilerCount                          = 3                                         {product} {ergonomic}
     uint ConcGCThreads                            = 1                                         {product} {ergonomic}
     uint G1ConcRefinementThreads                  = 4                                         {product} {ergonomic}
   size_t G1HeapRegionSize                         = 1048576                                   {product} {ergonomic}
    uintx GCDrainStackTargetSize                   = 64                                        {product} {ergonomic}
   size_t InitialHeapSize                          = 67108864                                  {product} {ergonomic}
   size_t MarkStackSize                            = 4194304                                   {product} {ergonomic}
   size_t MaxHeapSize                              = 1042284544                                {product} {ergonomic}
   size_t MinHeapDeltaBytes                        = 1048576                                   {product} {ergonomic}
   size_t MinHeapSize                              = 8388608                                   {product} {ergonomic}
    uintx NonNMethodCodeHeapSize                   = 5832780                                {pd product} {ergonomic}
    uintx NonProfiledCodeHeapSize                  = 122912730                              {pd product} {ergonomic}
    uintx ProfiledCodeHeapSize                     = 122912730                              {pd product} {ergonomic}
    uintx ReservedCodeCacheSize                    = 251658240                              {pd product} {ergonomic}
     bool SegmentedCodeCache                       = true                                      {product} {ergonomic}
     bool ShowCodeDetailsInExceptionMessages       = true                                   {manageable} {command line}
   size_t SoftMaxHeapSize                          = 1042284544                             {manageable} {ergonomic}
     bool UseCompressedClassPointers               = true                                 {lp64_product} {ergonomic}
     bool UseCompressedOops                        = true                                 {lp64_product} {ergonomic}
     bool UseG1GC                                  = true                                      {product} {ergonomic}
     bool UseLargePagesIndividualAllocation        = false                                  {pd product} {ergonomic}

Logging:
Log output configuration:
 #0: stdout all=warning uptime,level,tags
 #1: stderr all=off uptime,level,tags

Environment Variables:
PATH=C:\Program Files\Common Files\Oracle\Java\javapath;C:\Windows\system32;C:\Windows;C:\Windows\System32\Wbem;C:\Windows\System32\WindowsPowerShell\v1.0\;C:\Windows\System32\OpenSSH\;C:\Program Files\nodejs\;C:\Program Files\Git\cmd;C:\Program Files\MySQL\MySQL Shell 8.0\bin\;C:\Program Files\Java\jdk-15.0.2\bin;C:\Users\SHUBHAM\AppData\Local\Microsoft\WindowsApps;C:\Users\SHUBHAM\AppData\Local\atom\bin;C:\Users\SHUBHAM\AppData\Local\hyper\app-3.0.2\resources\bin;C:\Users\SHUBHAM\AppData\Roaming\npm;C:\Users\SHUBHAM\AppData\Local\GitHubDesktop\bin;C:\Users\SHUBHAM\AppData\Local\Programs\Microsoft VS Code\bin
USERNAME=SHUBHAM
OS=Windows_NT
PROCESSOR_IDENTIFIER=Intel64 Family 6 Model 42 Stepping 7, GenuineIntel



---------------  S Y S T E M  ---------------

OS:
 Windows 10 , 64 bit Build 19041 (10.0.19041.1023)
OS uptime: 15 days 6:14 hours

CPU: total 4 (initial active 4) (2 cores per cpu, 2 threads per core) family 6 model 42 stepping 7 microcode 0x2f, cmov, cx8, fxsr, mmx, sse, sse2, sse3, ssse3, sse4.1, sse4.2, popcnt, vzeroupper, avx, clmul, ht, tsc, tscinvbit, clflush

Memory: 4k page, system-wide physical 3969M (576M free)
TotalPageFile size 16257M (AvailPageFile size 5M)
current process WorkingSet (physical memory assigned to process): 9M, peak: 9M
current process commit charge ("private bytes"): 116M, peak: 117M

vm_info: OpenJDK 64-Bit Server VM (15.0.2+7-27) for windows-amd64 JRE (15.0.2+7-27), built on Dec  7 2020 20:02:38 by "mach5one" with unknown MS VC++:1925

END.
